<?xml version="1.0" encoding="UTF-8"?>
<testng-results skipped="0" failed="0" total="1" passed="1">
  <reporter-output>
  </reporter-output>
  <suite name="Default suite" duration-ms="324" started-at="2013-06-05T02:35:56Z" finished-at="2013-06-05T02:35:56Z">
    <groups>
      <group name="all-test">
        <method signature="LoggerTest.test()[pri:0, instance:com.justsy.dbfit.core.LoggerTest@16dfa45]" name="test" class="com.justsy.dbfit.core.LoggerTest"/>
      </group> <!-- all-test -->
    </groups>
    <test name="Default test" duration-ms="324" started-at="2013-06-05T02:35:56Z" finished-at="2013-06-05T02:35:56Z">
      <class name="com.justsy.dbfit.core.LoggerTest">
        <test-method status="PASS" signature="aBeforeClass(org.testng.ITestContext)[pri:0, instance:com.justsy.dbfit.core.LoggerTest@16dfa45]" name="aBeforeClass" is-config="true" duration-ms="22" started-at="2013-06-05T10:35:56Z" finished-at="2013-06-05T10:35:56Z">
          <params>
            <param index="0">
              <value>
                <![CDATA[org.testng.TestRunner@f894ce]]>
              </value>
            </param>
          </params>
          <reporter-output>
          </reporter-output>
        </test-method> <!-- aBeforeClass -->
        <test-method status="PASS" signature="aBeforeMethod(java.lang.reflect.Method)[pri:0, instance:com.justsy.dbfit.core.LoggerTest@16dfa45]" name="aBeforeMethod" is-config="true" duration-ms="2" started-at="2013-06-05T10:35:56Z" finished-at="2013-06-05T10:35:56Z">
          <params>
            <param index="0">
              <value>
                <![CDATA[public void com.justsy.dbfit.core.LoggerTest.test()]]>
              </value>
            </param>
          </params>
          <reporter-output>
          </reporter-output>
        </test-method> <!-- aBeforeMethod -->
        <test-method status="PASS" signature="test()[pri:0, instance:com.justsy.dbfit.core.LoggerTest@16dfa45]" name="test" duration-ms="290" started-at="2013-06-05T10:35:56Z" finished-at="2013-06-05T10:35:56Z">
          <reporter-output>
          </reporter-output>
        </test-method> <!-- test -->
        <test-method status="PASS" signature="zAfterMethod(java.lang.reflect.Method)[pri:0, instance:com.justsy.dbfit.core.LoggerTest@16dfa45]" name="zAfterMethod" is-config="true" duration-ms="1" started-at="2013-06-05T10:35:56Z" finished-at="2013-06-05T10:35:56Z">
          <params>
            <param index="0">
              <value>
                <![CDATA[public void com.justsy.dbfit.core.LoggerTest.test()]]>
              </value>
            </param>
          </params>
          <reporter-output>
          </reporter-output>
        </test-method> <!-- zAfterMethod -->
        <test-method status="PASS" signature="zAfterClass()[pri:0, instance:com.justsy.dbfit.core.LoggerTest@16dfa45]" name="zAfterClass" is-config="true" duration-ms="2" started-at="2013-06-05T10:35:56Z" finished-at="2013-06-05T10:35:56Z">
          <reporter-output>
          </reporter-output>
        </test-method> <!-- zAfterClass -->
      </class> <!-- com.justsy.dbfit.core.LoggerTest -->
    </test> <!-- Default test -->
  </suite> <!-- Default suite -->
</testng-results>
